C:\USERS\CSPCLAB\DESKTOP\WATERFALL\DEBUG\WATERFALL.EXE
C:\USERS\CSPCLAB\DESKTOP\WATERFALL\DEBUG\WATERFALL.ILK
C:\USERS\CSPCLAB\DESKTOP\WATERFALL\DEBUG\WATERFALL.PDB
C:\Users\cspclab\Desktop\Waterfall\Waterfall\Debug\cl.command.1.tlog
C:\Users\cspclab\Desktop\Waterfall\Waterfall\Debug\CL.read.1.tlog
C:\Users\cspclab\Desktop\Waterfall\Waterfall\Debug\CL.write.1.tlog
C:\USERS\CSPCLAB\DESKTOP\WATERFALL\WATERFALL\DEBUG\CLASSVIEW.OBJ
C:\USERS\CSPCLAB\DESKTOP\WATERFALL\WATERFALL\DEBUG\FILEVIEW.OBJ
C:\Users\cspclab\Desktop\Waterfall\Waterfall\Debug\link.command.1.tlog
C:\Users\cspclab\Desktop\Waterfall\Waterfall\Debug\link.read.1.tlog
C:\Users\cspclab\Desktop\Waterfall\Waterfall\Debug\link.write.1.tlog
C:\Users\cspclab\Desktop\Waterfall\Waterfall\Debug\link-cvtres.read.1.tlog
C:\Users\cspclab\Desktop\Waterfall\Waterfall\Debug\link-cvtres.write.1.tlog
C:\USERS\CSPCLAB\DESKTOP\WATERFALL\WATERFALL\DEBUG\MAINFRM.OBJ
C:\Users\cspclab\Desktop\Waterfall\Waterfall\Debug\mt.command.1.tlog
C:\Users\cspclab\Desktop\Waterfall\Waterfall\Debug\mt.read.1.tlog
C:\Users\cspclab\Desktop\Waterfall\Waterfall\Debug\mt.write.1.tlog
C:\USERS\CSPCLAB\DESKTOP\WATERFALL\WATERFALL\DEBUG\OUTPUTWND.OBJ
C:\USERS\CSPCLAB\DESKTOP\WATERFALL\WATERFALL\DEBUG\PROPERTIESWND.OBJ
C:\Users\cspclab\Desktop\Waterfall\Waterfall\Debug\rc.command.1.tlog
C:\Users\cspclab\Desktop\Waterfall\Waterfall\Debug\rc.read.1.tlog
C:\Users\cspclab\Desktop\Waterfall\Waterfall\Debug\rc.write.1.tlog
C:\USERS\CSPCLAB\DESKTOP\WATERFALL\WATERFALL\DEBUG\STDAFX.OBJ
C:\Users\cspclab\Desktop\Waterfall\Waterfall\Debug\vc100.idb
C:\USERS\CSPCLAB\DESKTOP\WATERFALL\WATERFALL\DEBUG\VC100.PDB
C:\USERS\CSPCLAB\DESKTOP\WATERFALL\WATERFALL\DEBUG\VIEWTREE.OBJ
C:\USERS\CSPCLAB\DESKTOP\WATERFALL\WATERFALL\DEBUG\WATERFALL.EXE.EMBED.MANIFEST
C:\USERS\CSPCLAB\DESKTOP\WATERFALL\WATERFALL\DEBUG\WATERFALL.EXE.EMBED.MANIFEST.RES
C:\USERS\CSPCLAB\DESKTOP\WATERFALL\WATERFALL\DEBUG\WATERFALL.EXE.INTERMEDIATE.MANIFEST
C:\USERS\CSPCLAB\DESKTOP\WATERFALL\WATERFALL\DEBUG\WATERFALL.OBJ
C:\USERS\CSPCLAB\DESKTOP\WATERFALL\WATERFALL\DEBUG\WATERFALL.PCH
C:\USERS\CSPCLAB\DESKTOP\WATERFALL\WATERFALL\DEBUG\WATERFALL.RES
C:\Users\cspclab\Desktop\Waterfall\Waterfall\Debug\Waterfall.write.1.tlog
C:\Users\cspclab\Desktop\Waterfall\Waterfall\Debug\Waterfall_manifest.rc
C:\USERS\CSPCLAB\DESKTOP\WATERFALL\WATERFALL\DEBUG\WATERFALLDOC.OBJ
C:\USERS\CSPCLAB\DESKTOP\WATERFALL\WATERFALL\DEBUG\WATERFALLSOLVER.OBJ
C:\USERS\CSPCLAB\DESKTOP\WATERFALL\WATERFALL\DEBUG\WATERFALLVIEW.OBJ
